Removed Pin From Net: NetName=Vin Pin=J1-PLUS
Change component parameters: Designator = "J1" ("J1"); Footprint = "XT30-M side"; UniqueID = "\BRBTNRFJ" ("\BRBTNRFJ")
Change component parameters (AddParameter): Name = "Availability"; Value = "Unavailable"; VariantName = "[No Variations]"
Change component parameters (AddParameter): Name = "MF"; Value = "AMASS"; VariantName = "[No Variations]"
Change component parameters (AddParameter): Name = "MP"; Value = "XT30-M"; VariantName = "[No Variations]"
Change component parameters (AddParameter): Name = "Package"; Value = "Package Analog Devices"; VariantName = "[No Variations]"
Change component parameters (AddParameter): Name = "Price"; Value = "None"; VariantName = "[No Variations]"
Change component parameters (AddParameter): Name = "SnapEDA_Link"; Value = "https://www.snapeda.com/parts/XT60-M/AMASS/view-part/?ref=snap"; VariantName = "[No Variations]"
Change component parameters (AddParameter): Name = "Value"; Value = ""; VariantName = "[No Variations]"
Added Component: Designator=C1(CAPPM7343X310N - duplicate)
Add component (AddParameter): Name = "ChipDip_Link"; Value = "https://www.chipdip.ru/product1/8007242628"; VariantName = "[No Variations]"
Add component (AddParameter): Name = "HelpURL"; Value = "https://www.chipdip.ru/product1/8007242628"; VariantName = "[No Variations]"
Add component (AddParameter): Name = "Instructions"; Value = ""; VariantName = "[No Variations]"
Add component (AddParameter): Name = "MF"; Value = ""; VariantName = "[No Variations]"
Add component (AddParameter): Name = "MP"; Value = "TAJD156K050RNJ"; VariantName = "[No Variations]"
Add component (AddParameter): Name = "Pacage Metric"; Value = "7343-31"; VariantName = "[No Variations]"
Add component (AddParameter): Name = "Package"; Value = "SMD 7343"; VariantName = "[No Variations]"
Add component (AddParameter): Name = "SnapEDA_Link"; Value = "https://www.snapeda.com/parts/TAJD156K050RNJ/AVX/view-part/1681076/?ref=search&t=TAJD156K050RNJ"; VariantName = "[No Variations]"
Add component (AddParameter): Name = "System"; Value = ""; VariantName = "[No Variations]"
Add component (AddParameter): Name = "Type"; Value = "SMD"; VariantName = "[No Variations]"
Add component (AddParameter): Name = "Value"; Value = "15u"; VariantName = "[No Variations]"
Added Component: Designator=C2(CAPPM7343X310N - duplicate)
Add component (AddParameter): Name = "ChipDip_Link"; Value = "https://www.chipdip.ru/product1/8007242628"; VariantName = "[No Variations]"
Add component (AddParameter): Name = "HelpURL"; Value = "https://www.chipdip.ru/product1/8007242628"; VariantName = "[No Variations]"
Add component (AddParameter): Name = "Instructions"; Value = ""; VariantName = "[No Variations]"
Add component (AddParameter): Name = "MF"; Value = ""; VariantName = "[No Variations]"
Add component (AddParameter): Name = "MP"; Value = "TAJD156K050RNJ"; VariantName = "[No Variations]"
Add component (AddParameter): Name = "Pacage Metric"; Value = "7343-31"; VariantName = "[No Variations]"
Add component (AddParameter): Name = "Package"; Value = "SMD 7343"; VariantName = "[No Variations]"
Add component (AddParameter): Name = "SnapEDA_Link"; Value = "https://www.snapeda.com/parts/TAJD156K050RNJ/AVX/view-part/1681076/?ref=search&t=TAJD156K050RNJ"; VariantName = "[No Variations]"
Add component (AddParameter): Name = "System"; Value = ""; VariantName = "[No Variations]"
Add component (AddParameter): Name = "Type"; Value = "SMD"; VariantName = "[No Variations]"
Add component (AddParameter): Name = "Value"; Value = "15u"; VariantName = "[No Variations]"
Added Component: Designator=C3(CAPPM7343X310N - duplicate)
Add component (AddParameter): Name = "ChipDip_Link"; Value = "https://www.chipdip.ru/product1/8007242628"; VariantName = "[No Variations]"
Add component (AddParameter): Name = "HelpURL"; Value = "https://www.chipdip.ru/product1/8007242628"; VariantName = "[No Variations]"
Add component (AddParameter): Name = "Instructions"; Value = ""; VariantName = "[No Variations]"
Add component (AddParameter): Name = "MF"; Value = ""; VariantName = "[No Variations]"
Add component (AddParameter): Name = "MP"; Value = "TAJD156K050RNJ"; VariantName = "[No Variations]"
Add component (AddParameter): Name = "Pacage Metric"; Value = "7343-31"; VariantName = "[No Variations]"
Add component (AddParameter): Name = "Package"; Value = "SMD 7343"; VariantName = "[No Variations]"
Add component (AddParameter): Name = "SnapEDA_Link"; Value = "https://www.snapeda.com/parts/TAJD156K050RNJ/AVX/view-part/1681076/?ref=search&t=TAJD156K050RNJ"; VariantName = "[No Variations]"
Add component (AddParameter): Name = "System"; Value = ""; VariantName = "[No Variations]"
Add component (AddParameter): Name = "Type"; Value = "SMD"; VariantName = "[No Variations]"
Add component (AddParameter): Name = "Value"; Value = "15u"; VariantName = "[No Variations]"
Added Component: Designator=C4(CAPPM7343X310N - duplicate)
Add component (AddParameter): Name = "ChipDip_Link"; Value = "https://www.chipdip.ru/product1/8007242628"; VariantName = "[No Variations]"
Add component (AddParameter): Name = "HelpURL"; Value = "https://www.chipdip.ru/product1/8007242628"; VariantName = "[No Variations]"
Add component (AddParameter): Name = "Instructions"; Value = ""; VariantName = "[No Variations]"
Add component (AddParameter): Name = "MF"; Value = ""; VariantName = "[No Variations]"
Add component (AddParameter): Name = "MP"; Value = "TAJD156K050RNJ"; VariantName = "[No Variations]"
Add component (AddParameter): Name = "Pacage Metric"; Value = "7343-31"; VariantName = "[No Variations]"
Add component (AddParameter): Name = "Package"; Value = "SMD 7343"; VariantName = "[No Variations]"
Add component (AddParameter): Name = "SnapEDA_Link"; Value = "https://www.snapeda.com/parts/TAJD156K050RNJ/AVX/view-part/1681076/?ref=search&t=TAJD156K050RNJ"; VariantName = "[No Variations]"
Add component (AddParameter): Name = "System"; Value = ""; VariantName = "[No Variations]"
Add component (AddParameter): Name = "Type"; Value = "SMD"; VariantName = "[No Variations]"
Add component (AddParameter): Name = "Value"; Value = "15u"; VariantName = "[No Variations]"
Added Component: Designator=C5(*CAP3216X125N)
Add component (AddParameter): Name = "ChipDip_Link"; Value = ""; VariantName = "[No Variations]"
Add component (AddParameter): Name = "HelpURL"; Value = ""; VariantName = "[No Variations]"
Add component (AddParameter): Name = "Instructions"; Value = ""; VariantName = "[No Variations]"
Add component (AddParameter): Name = "MF"; Value = "Murata Electronics"; VariantName = "[No Variations]"
Add component (AddParameter): Name = "MP"; Value = "GRM31CR71H225KA88L"; VariantName = "[No Variations]"
Add component (AddParameter): Name = "Pacage Metric"; Value = ""; VariantName = "[No Variations]"
Add component (AddParameter): Name = "Package"; Value = "1206 Murata"; VariantName = "[No Variations]"
Add component (AddParameter): Name = "SnapEDA_Link"; Value = "https://www.snapeda.com/parts/GRM31CR71H225KA88L/Murata%20Electronics%20North%20America/view-part/?ref=snap"; VariantName = "[No Variations]"
Add component (AddParameter): Name = "System"; Value = ""; VariantName = "[No Variations]"
Add component (AddParameter): Name = "Type"; Value = "SMD"; VariantName = "[No Variations]"
Add component (AddParameter): Name = "Value"; Value = "2.2u"; VariantName = "[No Variations]"
Added Component: Designator=C6(*CAP3216X125N)
Add component (AddParameter): Name = "ChipDip_Link"; Value = ""; VariantName = "[No Variations]"
Add component (AddParameter): Name = "HelpURL"; Value = ""; VariantName = "[No Variations]"
Add component (AddParameter): Name = "Instructions"; Value = ""; VariantName = "[No Variations]"
Add component (AddParameter): Name = "MF"; Value = "Murata Electronics"; VariantName = "[No Variations]"
Add component (AddParameter): Name = "MP"; Value = "GRM31CR71H225KA88L"; VariantName = "[No Variations]"
Add component (AddParameter): Name = "Pacage Metric"; Value = ""; VariantName = "[No Variations]"
Add component (AddParameter): Name = "Package"; Value = "1206 Murata"; VariantName = "[No Variations]"
Add component (AddParameter): Name = "SnapEDA_Link"; Value = "https://www.snapeda.com/parts/GRM31CR71H225KA88L/Murata%20Electronics%20North%20America/view-part/?ref=snap"; VariantName = "[No Variations]"
Add component (AddParameter): Name = "System"; Value = ""; VariantName = "[No Variations]"
Add component (AddParameter): Name = "Type"; Value = "SMD"; VariantName = "[No Variations]"
Add component (AddParameter): Name = "Value"; Value = "2.2u"; VariantName = "[No Variations]"
Added Component: Designator=C7(*CAP3216X125N)
Add component (AddParameter): Name = "ChipDip_Link"; Value = ""; VariantName = "[No Variations]"
Add component (AddParameter): Name = "HelpURL"; Value = ""; VariantName = "[No Variations]"
Add component (AddParameter): Name = "Instructions"; Value = ""; VariantName = "[No Variations]"
Add component (AddParameter): Name = "MF"; Value = "Murata Electronics"; VariantName = "[No Variations]"
Add component (AddParameter): Name = "MP"; Value = "GRM31CR71H225KA88L"; VariantName = "[No Variations]"
Add component (AddParameter): Name = "Pacage Metric"; Value = ""; VariantName = "[No Variations]"
Add component (AddParameter): Name = "Package"; Value = "1206 Murata"; VariantName = "[No Variations]"
Add component (AddParameter): Name = "SnapEDA_Link"; Value = "https://www.snapeda.com/parts/GRM31CR71H225KA88L/Murata%20Electronics%20North%20America/view-part/?ref=snap"; VariantName = "[No Variations]"
Add component (AddParameter): Name = "System"; Value = ""; VariantName = "[No Variations]"
Add component (AddParameter): Name = "Type"; Value = "SMD"; VariantName = "[No Variations]"
Add component (AddParameter): Name = "Value"; Value = "2.2u"; VariantName = "[No Variations]"
Added Component: Designator=C8(*CAP3216X125N)
Add component (AddParameter): Name = "ChipDip_Link"; Value = ""; VariantName = "[No Variations]"
Add component (AddParameter): Name = "HelpURL"; Value = ""; VariantName = "[No Variations]"
Add component (AddParameter): Name = "Instructions"; Value = ""; VariantName = "[No Variations]"
Add component (AddParameter): Name = "MF"; Value = "Murata Electronics"; VariantName = "[No Variations]"
Add component (AddParameter): Name = "MP"; Value = "GRM31CR71H225KA88L"; VariantName = "[No Variations]"
Add component (AddParameter): Name = "Pacage Metric"; Value = ""; VariantName = "[No Variations]"
Add component (AddParameter): Name = "Package"; Value = "1206 Murata"; VariantName = "[No Variations]"
Add component (AddParameter): Name = "SnapEDA_Link"; Value = "https://www.snapeda.com/parts/GRM31CR71H225KA88L/Murata%20Electronics%20North%20America/view-part/?ref=snap"; VariantName = "[No Variations]"
Add component (AddParameter): Name = "System"; Value = ""; VariantName = "[No Variations]"
Add component (AddParameter): Name = "Type"; Value = "SMD"; VariantName = "[No Variations]"
Add component (AddParameter): Name = "Value"; Value = "2.2u"; VariantName = "[No Variations]"
Added Component: Designator=L1(IHLP)
Add component (AddParameter): Name = "ChipDip_Link"; Value = "https://www.chipdip.ru/product/ihlp2020bzer100m11-inductor-ihlp-smd-2020-10"; VariantName = "[No Variations]"
Add component (AddParameter): Name = "HelpURL"; Value = "http://www.vishay.com/docs/34253/ihlp-2020bz-01.pdf"; VariantName = "[No Variations]"
Add component (AddParameter): Name = "Instructions"; Value = ""; VariantName = "[No Variations]"
Add component (AddParameter): Name = "MF"; Value = "Vishay Dale"; VariantName = "[No Variations]"
Add component (AddParameter): Name = "MP"; Value = "IHLP2020BZER100M01"; VariantName = "[No Variations]"
Add component (AddParameter): Name = "Pacage Metric"; Value = ""; VariantName = "[No Variations]"
Add component (AddParameter): Name = "Package"; Value = "Nonstandard Vishay"; VariantName = "[No Variations]"
Add component (AddParameter): Name = "SnapEDA_Link"; Value = "https://www.snapeda.com/parts/IHLP2020BZER100M01/Vishay%20Dale/view-part/44808/?ref=snap"; VariantName = "[No Variations]"
Add component (AddParameter): Name = "System"; Value = ""; VariantName = "[No Variations]"
Add component (AddParameter): Name = "Type"; Value = "SMD"; VariantName = "[No Variations]"
Add component (AddParameter): Name = "Value"; Value = ""; VariantName = "[No Variations]"
Added Pin To Net: NetName=GND Pin=C1-2
Added Pin To Net: NetName=GND Pin=C2-2
Added Pin To Net: NetName=Vin Pin=C3-1
Added Pin To Net: NetName=GND Pin=C3-2
Added Pin To Net: NetName=Vin Pin=C4-1
Added Pin To Net: NetName=GND Pin=C4-2
Added Pin To Net: NetName=GND Pin=C5-2
Added Pin To Net: NetName=GND Pin=C6-2
Added Pin To Net: NetName=Vin Pin=C7-1
Added Pin To Net: NetName=GND Pin=C7-2
Added Pin To Net: NetName=Vin Pin=C8-1
Added Pin To Net: NetName=GND Pin=C8-2
Added Pin To Net: NetName=Vin Pin=L1-1
Added Pin To Net: NetName=NetC1_1 Pin=C1-1
Added Pin To Net: NetName=NetC1_1 Pin=C2-1
Added Pin To Net: NetName=NetC1_1 Pin=C5-1
Added Pin To Net: NetName=NetC1_1 Pin=C6-1
Added Pin To Net: NetName=NetC1_1 Pin=J1-PLUS
Added Pin To Net: NetName=NetC1_1 Pin=L1-2
Added Net: Name=NetC1_1
Added Member To Class: ClassName=CAN MUX Member=Component C1 TAJD156K050RNJ
Added Member To Class: ClassName=CAN MUX Member=Component C2 TAJD156K050RNJ
Added Member To Class: ClassName=CAN MUX Member=Component C3 TAJD156K050RNJ
Added Member To Class: ClassName=CAN MUX Member=Component C4 TAJD156K050RNJ
Added Member To Class: ClassName=CAN MUX Member=Component C5 GRM31CR71H225KA88L
Added Member To Class: ClassName=CAN MUX Member=Component C6 GRM31CR71H225KA88L
Added Member To Class: ClassName=CAN MUX Member=Component C7 GRM31CR71H225KA88L
Added Member To Class: ClassName=CAN MUX Member=Component C8 GRM31CR71H225KA88L
Added Member To Class: ClassName=CAN MUX Member=Component L1 IHLP2020BZER100M01
